<?xml version="1.0" encoding="UTF-8"?>
<testng-results ignored="0" total="2" passed="1" failed="1" skipped="0">
  <reporter-output>
    <line>
      <![CDATA[Click to see Screenshot]]>
    </line>
    <line>
      <![CDATA[<a target="_blank" href=Wed_Mar_11_17_07_17_EDT_2020.jpg>Screenshot</a>]]>
    </line>
    <line>
      <![CDATA[<br>]]>
    </line>
    <line>
      <![CDATA[<br>]]>
    </line>
    <line>
      <![CDATA[<a target="_blank" href=Wed_Mar_11_17_07_17_EDT_2020.jpg><img src=Wed_Mar_11_17_07_17_EDT_2020.jpg height=200 width=200></img></a>]]>
    </line>
  </reporter-output>
  <suite started-at="2020-03-11T21:06:57Z" name="Page Object Model Basics" finished-at="2020-03-11T21:07:18Z" duration-ms="21406">
    <groups>
    </groups>
    <test started-at="2020-03-11T21:06:57Z" name="Login Test" finished-at="2020-03-11T21:07:02Z" duration-ms="5244">
      <class name="page.object.testcases.TC_01_LoginTest">
        <test-method signature="loginTest(java.util.Hashtable)[pri:0, instance:page.object.testcases.TC_01_LoginTest@1debc91c]" started-at="2020-03-11T21:06:57Z" name="loginTest" data-provider="dp" finished-at="2020-03-11T21:07:01Z" duration-ms="3870" status="PASS">
          <params>
            <param index="0">
              <value>
                <![CDATA[{password=revati123$, Runmode=Y, =, username=revatidrao222@gmail.com}]]>
              </value>
            </param>
          </params>
          <reporter-output>
          </reporter-output>
        </test-method> <!-- loginTest -->
      </class> <!-- page.object.testcases.TC_01_LoginTest -->
    </test> <!-- Login Test -->
    <test started-at="2020-03-11T21:07:02Z" name="Create Account Test" finished-at="2020-03-11T21:07:18Z" duration-ms="16028">
      <class name="page.object.testcases.TC_02_CreateAccountTest">
        <test-method signature="createAccountTest(java.util.Hashtable)[pri:0, instance:page.object.testcases.TC_02_CreateAccountTest@5527b211]" started-at="2020-03-11T21:07:02Z" name="createAccountTest" data-provider="dp" finished-at="2020-03-11T21:07:17Z" duration-ms="14651" status="FAIL">
          <params>
            <param index="0">
              <value>
                <![CDATA[{Runmode=Y, accountname=Revati}]]>
              </value>
            </param>
          </params>
          <exception class="junit.framework.AssertionFailedError">
            <message>
              <![CDATA[Create account test failed]]>
            </message>
            <full-stacktrace>
              <![CDATA[junit.framework.AssertionFailedError: Create account test failed
at junit.framework.Assert.fail(Assert.java:47)
at page.object.testcases.TC_02_CreateAccountTest.createAccountTest(TC_02_CreateAccountTest.java:25)
at java.base/jdk.internal.reflect.NativeMethodAccessorImpl.invoke0(Native Method)
at java.base/jdk.internal.reflect.NativeMethodAccessorImpl.invoke(NativeMethodAccessorImpl.java:62)
at java.base/jdk.internal.reflect.DelegatingMethodAccessorImpl.invoke(DelegatingMethodAccessorImpl.java:43)
at java.base/java.lang.reflect.Method.invoke(Method.java:566)
at org.testng.internal.MethodInvocationHelper.invokeMethod(MethodInvocationHelper.java:124)
at org.testng.internal.Invoker.invokeMethod(Invoker.java:583)
at org.testng.internal.Invoker.invokeTestMethod(Invoker.java:719)
at org.testng.internal.Invoker.invokeTestMethods(Invoker.java:989)
at org.testng.internal.TestMethodWorker.invokeTestMethods(TestMethodWorker.java:125)
at org.testng.internal.TestMethodWorker.run(TestMethodWorker.java:109)
at org.testng.TestRunner.privateRun(TestRunner.java:648)
at org.testng.TestRunner.run(TestRunner.java:505)
at org.testng.SuiteRunner.runTest(SuiteRunner.java:455)
at org.testng.SuiteRunner.runSequentially(SuiteRunner.java:450)
at org.testng.SuiteRunner.privateRun(SuiteRunner.java:415)
at org.testng.SuiteRunner.run(SuiteRunner.java:364)
at org.testng.SuiteRunnerWorker.runSuite(SuiteRunnerWorker.java:52)
at org.testng.SuiteRunnerWorker.run(SuiteRunnerWorker.java:84)
at org.testng.TestNG.runSuitesSequentially(TestNG.java:1208)
at org.testng.TestNG.runSuitesLocally(TestNG.java:1137)
at org.testng.TestNG.runSuites(TestNG.java:1049)
at org.testng.TestNG.run(TestNG.java:1017)
at org.apache.maven.surefire.testng.TestNGExecutor.run(TestNGExecutor.java:281)
at org.apache.maven.surefire.testng.TestNGXmlTestSuite.execute(TestNGXmlTestSuite.java:75)
at org.apache.maven.surefire.testng.TestNGProvider.invoke(TestNGProvider.java:121)
at org.apache.maven.surefire.booter.ForkedBooter.invokeProviderInSameClassLoader(ForkedBooter.java:290)
at org.apache.maven.surefire.booter.ForkedBooter.runSuitesInProcess(ForkedBooter.java:242)
at org.apache.maven.surefire.booter.ForkedBooter.main(ForkedBooter.java:121)
]]>
            </full-stacktrace>
          </exception> <!-- junit.framework.AssertionFailedError -->
          <reporter-output>
            <line>
              <![CDATA[Click to see Screenshot]]>
            </line>
            <line>
              <![CDATA[<a target="_blank" href=Wed_Mar_11_17_07_17_EDT_2020.jpg>Screenshot</a>]]>
            </line>
            <line>
              <![CDATA[<br>]]>
            </line>
            <line>
              <![CDATA[<br>]]>
            </line>
            <line>
              <![CDATA[<a target="_blank" href=Wed_Mar_11_17_07_17_EDT_2020.jpg><img src=Wed_Mar_11_17_07_17_EDT_2020.jpg height=200 width=200></img></a>]]>
            </line>
          </reporter-output>
        </test-method> <!-- createAccountTest -->
      </class> <!-- page.object.testcases.TC_02_CreateAccountTest -->
    </test> <!-- Create Account Test -->
  </suite> <!-- Page Object Model Basics -->
</testng-results>
