<?xml version="1.0" encoding="UTF-8"?>
<testsuite xmlns:xsi="http://www.w3.org/2001/XMLSchema-instance" xsi:schemaLocation="https://maven.apache.org/surefire/maven-surefire-plugin/xsd/surefire-test-report.xsd" name="TestSuite" time="48.024" tests="2" errors="0" skipped="0" failures="1">
  <properties>
[...]
</properties>
  <testcase name="loginTest" classname="page.object.testcases.TC_01_LoginTest" time="3.869"/>
  <testcase name="createAccountTest" classname="page.object.testcases.TC_02_CreateAccountTest" time="14.733">
    <failure message="Create account test failed" type="junit.framework.AssertionFailedError">junit.framework.AssertionFailedError: Create account test failed
	at page.object.testcases.TC_02_CreateAccountTest.createAccountTest(TC_02_CreateAccountTest.java:25)
</failure>
    <system-out><![CDATA[2
]]></system-out>
    <system-err><![CDATA[[1583960823.070][SEVERE]: Timed out receiving message from renderer: 0.100
[1583960823.953][SEVERE]: Timed out receiving message from renderer: 0.100
[1583960824.054][SEVERE]: Timed out receiving message from renderer: 0.100
[1583960824.319][SEVERE]: Timed out receiving message from renderer: 0.100
[1583960824.424][SEVERE]: Timed out receiving message from renderer: 0.100
[1583960824.631][SEVERE]: Timed out receiving message from renderer: 0.100
[1583960824.732][SEVERE]: Timed out receiving message from renderer: 0.100
[1583960824.834][SEVERE]: Timed out receiving message from renderer: 0.100
[1583960824.994][SEVERE]: Timed out receiving message from renderer: 0.100
[1583960825.096][SEVERE]: Timed out receiving message from renderer: 0.100
[1583960825.198][SEVERE]: Timed out receiving message from renderer: 0.100
[1583960825.411][SEVERE]: Timed out receiving message from renderer: 0.100
[1583960825.512][SEVERE]: Timed out receiving message from renderer: 0.100
[1583960825.613][SEVERE]: Timed out receiving message from renderer: 0.100
[1583960825.714][SEVERE]: Timed out receiving message from renderer: 0.100
[1583960826.987][SEVERE]: Timed out receiving message from renderer: 0.100
[1583960827.091][SEVERE]: Timed out receiving message from renderer: 0.100
[1583960827.192][SEVERE]: Timed out receiving message from renderer: 0.100
[1583960827.303][SEVERE]: Timed out receiving message from renderer: 0.100
[1583960827.412][SEVERE]: Timed out receiving message from renderer: 0.100
[1583960827.527][SEVERE]: Timed out receiving message from renderer: 0.100
[1583960827.665][SEVERE]: Timed out receiving message from renderer: 0.100
[1583960827.804][SEVERE]: Timed out receiving message from renderer: 0.100
[1583960828.102][SEVERE]: Timed out receiving message from renderer: 0.100
[1583960828.209][SEVERE]: Timed out receiving message from renderer: 0.100
[1583960828.312][SEVERE]: Timed out receiving message from renderer: 0.100
[1583960828.413][SEVERE]: Timed out receiving message from renderer: 0.100
[1583960828.517][SEVERE]: Timed out receiving message from renderer: 0.100
[1583960828.620][SEVERE]: Timed out receiving message from renderer: 0.100
[1583960828.745][SEVERE]: Timed out receiving message from renderer: 0.100
[1583960828.878][SEVERE]: Timed out receiving message from renderer: 0.100
[1583960828.983][SEVERE]: Timed out receiving message from renderer: 0.100
[1583960829.094][SEVERE]: Timed out receiving message from renderer: 0.100
[1583960829.206][SEVERE]: Timed out receiving message from renderer: 0.100
[1583960829.326][SEVERE]: Timed out receiving message from renderer: 0.100
[1583960829.436][SEVERE]: Timed out receiving message from renderer: 0.100
[1583960829.540][SEVERE]: Timed out receiving message from renderer: 0.100
[1583960829.644][SEVERE]: Timed out receiving message from renderer: 0.100
[1583960829.746][SEVERE]: Timed out receiving message from renderer: 0.100
[1583960829.898][SEVERE]: Timed out receiving message from renderer: 0.100
[1583960830.001][SEVERE]: Timed out receiving message from renderer: 0.100
[1583960830.104][SEVERE]: Timed out receiving message from renderer: 0.100
[1583960830.212][SEVERE]: Timed out receiving message from renderer: 0.100
[1583960830.313][SEVERE]: Timed out receiving message from renderer: 0.100
[1583960830.416][SEVERE]: Timed out receiving message from renderer: 0.100
[1583960830.553][SEVERE]: Timed out receiving message from renderer: 0.100
[1583960830.654][SEVERE]: Timed out receiving message from renderer: 0.100
[1583960830.766][SEVERE]: Timed out receiving message from renderer: 0.100
[1583960832.370][SEVERE]: Timed out receiving message from renderer: 0.100
[1583960833.236][SEVERE]: Timed out receiving message from renderer: 0.100
]]></system-err>
  </testcase>
</testsuite>