<?xml version="1.0" encoding="UTF-8"?>
<testng-results ignored="0" total="1" passed="1" failed="0" skipped="0">
  <reporter-output>
  </reporter-output>
  <suite started-at="2020-03-11T15:01:40 GMT-04:00" name="Page Object Model Basics" finished-at="2020-03-11T15:01:44 GMT-04:00" duration-ms="3964">
    <groups>
    </groups>
    <test started-at="2020-03-11T15:01:40 GMT-04:00" name="Login Test" finished-at="2020-03-11T15:01:44 GMT-04:00" duration-ms="3964">
      <class name="page.object.testcases.TC_01_LoginTest">
        <test-method signature="loginTest()[pri:0, instance:page.object.testcases.TC_01_LoginTest@abff8b7]" started-at="2020-03-11T15:01:40 GMT-04:00" name="loginTest" finished-at="2020-03-11T15:01:43 GMT-04:00" duration-ms="3143" status="PASS">
          <reporter-output>
          </reporter-output>
        </test-method> <!-- loginTest -->
        <test-method is-config="true" signature="tearDown()[pri:0, instance:page.object.testcases.TC_01_LoginTest@abff8b7]" started-at="2020-03-11T15:01:43 GMT-04:00" name="tearDown" finished-at="2020-03-11T15:01:44 GMT-04:00" duration-ms="765" status="PASS">
          <reporter-output>
          </reporter-output>
        </test-method> <!-- tearDown -->
      </class> <!-- page.object.testcases.TC_01_LoginTest -->
    </test> <!-- Login Test -->
  </suite> <!-- Page Object Model Basics -->
</testng-results>
