<?xml version="1.0" encoding="UTF-8"?>
<!-- Generated by org.testng.reporters.JUnitXMLReporter -->
<testsuite ignored="0" hostname="DESKTOP-AJD82PS" failures="1" tests="1" name="Create Account Test" time="16.028" errors="0" timestamp="11 Mar 2020 21:07:18 GMT">
  <testcase classname="page.object.testcases.TC_02_CreateAccountTest" name="createAccountTest" time="14.651">
    <failure type="junit.framework.AssertionFailedError" message="Create account test failed">
      <![CDATA[junit.framework.AssertionFailedError: Create account test failed
at junit.framework.Assert.fail(Assert.java:47)
at page.object.testcases.TC_02_CreateAccountTest.createAccountTest(TC_02_CreateAccountTest.java:25)
... Removed 28 stack frames]]>
    </failure>
  </testcase> <!-- createAccountTest -->
</testsuite> <!-- Create Account Test -->
